1594103276648	mozrunner::runner	INFO	Running command: "/Applications/Firefox.app/Contents/MacOS/firefox-bin" "-marionette" "-foreground" "-no-remote" "-profile" "/var/folders/z5/pg2_brc95fbfp67c66ty88pw0000gn/T/rust_mozprofileP0bSEh"
1594103287567	Marionette	INFO	Listening on port 55735
1594103287624	Marionette	WARN	TLS certificate errors will be ignored for this session
1594104112159	mozrunner::runner	INFO	Running command: "/Applications/Firefox.app/Contents/MacOS/firefox-bin" "-marionette" "-foreground" "-no-remote" "-profile" "/var/folders/z5/pg2_brc95fbfp67c66ty88pw0000gn/T/rust_mozprofilemljjbd"
1594104116971	Marionette	INFO	Listening on port 55974
1594104117023	Marionette	WARN	TLS certificate errors will be ignored for this session
1594104128421	Marionette	INFO	Stopped listening on port 55735
1594111206345	mozrunner::runner	INFO	Running command: "/Applications/Firefox.app/Contents/MacOS/firefox-bin" "-marionette" "-foreground" "-no-remote" "-profile" "/var/folders/z5/pg2_brc95fbfp67c66ty88pw0000gn/T/rust_mozprofilesSmBC0"
1594111214712	Marionette	INFO	Listening on port 56130
1594111214759	Marionette	WARN	TLS certificate errors will be ignored for this session
1594111220404	Marionette	INFO	Stopped listening on port 55974
1594111223625	Marionette	INFO	Stopped listening on port 56130
1594112039954	mozrunner::runner	INFO	Running command: "/Applications/Firefox.app/Contents/MacOS/firefox-bin" "-marionette" "-foreground" "-no-remote" "-profile" "/var/folders/z5/pg2_brc95fbfp67c66ty88pw0000gn/T/rust_mozprofilefaeDFQ"
1594112043163	Marionette	INFO	Listening on port 56269
1594112043241	Marionette	WARN	TLS certificate errors will be ignored for this session
1594112043766	Marionette	INFO	Stopped listening on port 56269
1594181689787	mozrunner::runner	INFO	Running command: "/Applications/Firefox.app/Contents/MacOS/firefox-bin" "-marionette" "-foreground" "-no-remote" "-profile" "/var/folders/z5/pg2_brc95fbfp67c66ty88pw0000gn/T/rust_mozprofileatAxJt"
1594181700864	Marionette	INFO	Listening on port 56657
1594181700906	Marionette	WARN	TLS certificate errors will be ignored for this session
1594181701394	Marionette	INFO	Stopped listening on port 56657
console.error: services.settings: 
  main/cfr Signature failed  TypeError: NetworkError when attempting to fetch resource.
1594183949948	mozrunner::runner	INFO	Running command: "/Applications/Firefox.app/Contents/MacOS/firefox-bin" "-marionette" "-foreground" "-no-remote" "-profile" "/var/folders/z5/pg2_brc95fbfp67c66ty88pw0000gn/T/rust_mozprofiler9J54e"
1594183959378	Marionette	INFO	Listening on port 56839
1594183959415	Marionette	WARN	TLS certificate errors will be ignored for this session
1594183959761	Marionette	INFO	Stopped listening on port 56839

###!!! [Parent][MessageChannel] Error: (msgtype=0xB000E,name=PBackgroundIDBDatabase::Msg_CloseAfterInvalidationComplete) Channel error: cannot send/recv

console.error: services.settings: 
  main/cfr Signature failed  TypeError: NetworkError when attempting to fetch resource.
1594188980053	mozrunner::runner	INFO	Running command: "/Applications/Firefox.app/Contents/MacOS/firefox-bin" "-marionette" "-foreground" "-no-remote" "-profile" "/var/folders/z5/pg2_brc95fbfp67c66ty88pw0000gn/T/rust_mozprofileuOgFe2"
1594188986167	Marionette	INFO	Listening on port 57010
1594188986234	Marionette	WARN	TLS certificate errors will be ignored for this session
1594188986673	Marionette	INFO	Stopped listening on port 57010
1594190029387	mozrunner::runner	INFO	Running command: "/Applications/Firefox.app/Contents/MacOS/firefox-bin" "-marionette" "-foreground" "-no-remote" "-profile" "/var/folders/z5/pg2_brc95fbfp67c66ty88pw0000gn/T/rust_mozprofilevl33zP"
1594190035240	Marionette	INFO	Listening on port 57124
1594190035400	Marionette	WARN	TLS certificate errors will be ignored for this session
1594190035821	Marionette	INFO	Stopped listening on port 57124
console.error: services.settings: 
  main/cfr Signature failed  TypeError: NetworkError when attempting to fetch resource.
